D:\XCore\XCore\XCore.Api\xcore-client\dist\out-tsc\app\shared\components\cookies-policy\cookies-policy.component.js
D:\XCore\XCore\XCore.Api\xcore-client\dist\out-tsc\app\shared\components\cookies-policy\cookies-policy.component.js.map
D:\XCore\XCore\XCore.Api\xcore-client\dist\out-tsc\app\shared\components\home\home.component.js
D:\XCore\XCore\XCore.Api\xcore-client\dist\out-tsc\app\shared\components\home\home.component.js.map
D:\XCore\XCore\XCore.Api\xcore-client\dist\out-tsc\app\shared\components\not-found\not-found.component.js
D:\XCore\XCore\XCore.Api\xcore-client\dist\out-tsc\app\shared\components\not-found\not-found.component.js.map
D:\XCore\XCore\XCore.Api\xcore-client\dist\out-tsc\app\shared\components\privacy-policy\privacy-policy.component.js
D:\XCore\XCore\XCore.Api\xcore-client\dist\out-tsc\app\shared\components\privacy-policy\privacy-policy.component.js.map
D:\XCore\XCore\XCore.Api\xcore-client\dist\out-tsc\app\shared\components\terms-and-conditions\terms-and-conditions.component.js
D:\XCore\XCore\XCore.Api\xcore-client\dist\out-tsc\app\shared\components\terms-and-conditions\terms-and-conditions.component.js.map
D:\XCore\XCore\XCore.Api\xcore-client\dist\out-tsc\app\app-routing.module.js
D:\XCore\XCore\XCore.Api\xcore-client\dist\out-tsc\app\app-routing.module.js.map
D:\XCore\XCore\XCore.Api\xcore-client\dist\out-tsc\app\shared\components\spinner\spinner-overlay\spinner-overlay.component.js
D:\XCore\XCore\XCore.Api\xcore-client\dist\out-tsc\app\shared\components\spinner\spinner-overlay\spinner-overlay.component.js.map
D:\XCore\XCore\XCore.Api\xcore-client\dist\out-tsc\app\shared\_services\spinner-overlay.service.js
D:\XCore\XCore\XCore.Api\xcore-client\dist\out-tsc\app\shared\_services\spinner-overlay.service.js.map
D:\XCore\XCore\XCore.Api\xcore-client\dist\out-tsc\app\shared\_services\theme.service.js
D:\XCore\XCore\XCore.Api\xcore-client\dist\out-tsc\app\shared\_services\theme.service.js.map
D:\XCore\XCore\XCore.Api\xcore-client\dist\out-tsc\app\app.component.js
D:\XCore\XCore\XCore.Api\xcore-client\dist\out-tsc\app\app.component.js.map
D:\XCore\XCore\XCore.Api\xcore-client\dist\out-tsc\app\shared\layout\sidenav\sidenav.component.js
D:\XCore\XCore\XCore.Api\xcore-client\dist\out-tsc\app\shared\layout\sidenav\sidenav.component.js.map
D:\XCore\XCore\XCore.Api\xcore-client\dist\out-tsc\app\shared\layout\footer\footer.component.js
D:\XCore\XCore\XCore.Api\xcore-client\dist\out-tsc\app\shared\layout\footer\footer.component.js.map
D:\XCore\XCore\XCore.Api\xcore-client\dist\out-tsc\app\shared\material\material.module.js
D:\XCore\XCore\XCore.Api\xcore-client\dist\out-tsc\app\shared\material\material.module.js.map
D:\XCore\XCore\XCore.Api\xcore-client\dist\out-tsc\app\shared\components\spinner\spinner.component.js
D:\XCore\XCore\XCore.Api\xcore-client\dist\out-tsc\app\shared\components\spinner\spinner.component.js.map
D:\XCore\XCore\XCore.Api\xcore-client\dist\out-tsc\app\shared\components\spinner\spinner-overlay-wrapper\spinner-overlay-wrapper.component.js
D:\XCore\XCore\XCore.Api\xcore-client\dist\out-tsc\app\shared\components\spinner\spinner-overlay-wrapper\spinner-overlay-wrapper.component.js.map
D:\XCore\XCore\XCore.Api\xcore-client\dist\out-tsc\app\shared\shared.module.js
D:\XCore\XCore\XCore.Api\xcore-client\dist\out-tsc\app\shared\shared.module.js.map
D:\XCore\XCore\XCore.Api\xcore-client\dist\out-tsc\app\shared\_services\error-handler.service.js
D:\XCore\XCore\XCore.Api\xcore-client\dist\out-tsc\app\shared\_services\error-handler.service.js.map
D:\XCore\XCore\XCore.Api\xcore-client\dist\out-tsc\app\app.module.js
D:\XCore\XCore\XCore.Api\xcore-client\dist\out-tsc\app\app.module.js.map
D:\XCore\XCore\XCore.Api\xcore-client\dist\out-tsc\environments\environment.js
D:\XCore\XCore\XCore.Api\xcore-client\dist\out-tsc\environments\environment.js.map
D:\XCore\XCore\XCore.Api\xcore-client\dist\out-tsc\main.js
D:\XCore\XCore\XCore.Api\xcore-client\dist\out-tsc\main.js.map
D:\XCore\XCore\XCore.Api\xcore-client\dist\out-tsc\polyfills.js
D:\XCore\XCore\XCore.Api\xcore-client\dist\out-tsc\polyfills.js.map
D:\XCore\XCore\XCore.Api\xcore-client\dist\out-tsc\test.js
D:\XCore\XCore\XCore.Api\xcore-client\dist\out-tsc\test.js.map
D:\XCore\XCore\XCore.Api\xcore-client\dist\out-tsc\app\app.component.spec.js
D:\XCore\XCore\XCore.Api\xcore-client\dist\out-tsc\app\app.component.spec.js.map
D:\XCore\XCore\XCore.Api\xcore-client\dist\out-tsc\app\shared\components\home\home.component.spec.js
D:\XCore\XCore\XCore.Api\xcore-client\dist\out-tsc\app\shared\components\home\home.component.spec.js.map
D:\XCore\XCore\XCore.Api\xcore-client\dist\out-tsc\app\shared\components\not-found\not-found.component.spec.js
D:\XCore\XCore\XCore.Api\xcore-client\dist\out-tsc\app\shared\components\not-found\not-found.component.spec.js.map
D:\XCore\XCore\XCore.Api\xcore-client\dist\out-tsc\app\shared\components\spinner\spinner.component.spec.js
D:\XCore\XCore\XCore.Api\xcore-client\dist\out-tsc\app\shared\components\spinner\spinner.component.spec.js.map
D:\XCore\XCore\XCore.Api\xcore-client\dist\out-tsc\app\shared\layout\footer\footer.component.spec.js
D:\XCore\XCore\XCore.Api\xcore-client\dist\out-tsc\app\shared\layout\footer\footer.component.spec.js.map
D:\XCore\XCore\XCore.Api\xcore-client\dist\out-tsc\app\shared\layout\sidenav\sidenav.component.spec.js
D:\XCore\XCore\XCore.Api\xcore-client\dist\out-tsc\app\shared\layout\sidenav\sidenav.component.spec.js.map
D:\XCore\XCore\XCore.Api\xcore-client\dist\out-tsc\environments\environment.prod.js
D:\XCore\XCore\XCore.Api\xcore-client\dist\out-tsc\environments\environment.prod.js.map
